<?xml version="1.0" encoding="UTF-8"?>
<!-- Generated by org.testng.reporters.JUnitReportReporter -->
<testsuite hostname="PQA-0591LT" failures="0" tests="1" name="utils.JSONDATA" time="7.763" errors="0" timestamp="2023-10-18T14:27:40 EDT" skipped="0">
  <testcase classname="utils.JSONDATA" name="RunTest" time="7.763"/>
  <system-out/>
</testsuite> <!-- utils.JSONDATA -->
