<?xml version="1.0" encoding="UTF-8"?>
<!-- Generated by org.testng.reporters.JUnitReportReporter -->
<testsuite hostname="PQA-0591LT" failures="0" tests="1" name="myprograms.SimpleTest" time="10.181" errors="0" timestamp="2023-09-16T12:03:29 EDT" skipped="0">
  <testcase classname="myprograms.SimpleTest" name="Test1" time="10.181"/>
  <system-out/>
</testsuite> <!-- myprograms.SimpleTest -->
