<?xml version="1.0" encoding="UTF-8"?>
<!-- Generated by org.testng.reporters.JUnitReportReporter -->
<testsuite hostname="PQA-0591LT" failures="0" tests="1" name="Basic" time="3.412" errors="0" timestamp="2023-08-14T12:37:34 EDT" skipped="0">
  <testcase classname="Basic" name="InitializeBrowser" time="3.412"/>
  <system-out/>
</testsuite> <!-- Basic -->
