<?xml version="1.0" encoding="UTF-8"?>
<!-- Generated by org.testng.reporters.JUnitReportReporter -->
<testsuite hostname="PQA-0591LT" failures="0" tests="2" name="myprograms.LearnExtentReports" time="6.082" errors="0" timestamp="2023-12-04T11:22:23 EST" skipped="0">
  <testcase classname="myprograms.LearnExtentReports" name="NavigateTOObsqura" time="6.059"/>
  <system-out/>
  <testcase classname="myprograms.LearnExtentReports" name="SecondTest" time="0.023"/>
  <system-out/>
</testsuite> <!-- myprograms.LearnExtentReports -->
