<?xml version="1.0" encoding="UTF-8"?>
<!-- Generated by org.testng.reporters.JUnitReportReporter -->
<testsuite hostname="PQA-0591LT" failures="0" tests="1" name="myprograms.Test1" time="0.000" errors="0" timestamp="2023-12-04T11:20:46 EST" skipped="0">
  <testcase classname="myprograms.Test1" name="MyFirstTest" time="0.000"/>
  <system-out/>
</testsuite> <!-- myprograms.Test1 -->
